<?xml version="1.0" encoding="UTF-8"?>
<testsuite xmlns:xsi="http://www.w3.org/2001/XMLSchema-instance" xsi:noNamespaceSchemaLocation="https://maven.apache.org/surefire/maven-surefire-plugin/xsd/surefire-test-report-3.0.xsd" version="3.0" name="infra.TestContext" time="0.403" tests="0" errors="0" skipped="0" failures="0">
  <properties>
    <property name="java.specification.version" value="21"/>
    <property name="sun.jnu.encoding" value="UTF-8"/>
    <property name="java.class.path" value="/Users/waaedazzam/IdeaProjects/Final-Project-Selenium/src/target/test-classes:/Users/waaedazzam/IdeaProjects/Final-Project-Selenium/src/target/classes:/Users/waaedazzam/.m2/repository/io/cucumber/cucumber-java/7.0.0/cucumber-java-7.0.0.jar:/Users/waaedazzam/.m2/repository/io/cucumber/cucumber-core/7.0.0/cucumber-core-7.0.0.jar:/Users/waaedazzam/.m2/repository/io/cucumber/cucumber-gherkin/7.0.0/cucumber-gherkin-7.0.0.jar:/Users/waaedazzam/.m2/repository/io/cucumber/cucumber-gherkin-messages/7.0.0/cucumber-gherkin-messages-7.0.0.jar:/Users/waaedazzam/.m2/repository/io/cucumber/messages/17.1.1/messages-17.1.1.jar:/Users/waaedazzam/.m2/repository/io/cucumber/tag-expressions/4.0.2/tag-expressions-4.0.2.jar:/Users/waaedazzam/.m2/repository/io/cucumber/cucumber-expressions/13.0.1/cucumber-expressions-13.0.1.jar:/Users/waaedazzam/.m2/repository/io/cucumber/datatable/7.0.0/datatable-7.0.0.jar:/Users/waaedazzam/.m2/repository/io/cucumber/cucumber-plugin/7.0.0/cucumber-plugin-7.0.0.jar:/Users/waaedazzam/.m2/repository/io/cucumber/docstring/7.0.0/docstring-7.0.0.jar:/Users/waaedazzam/.m2/repository/io/cucumber/html-formatter/17.0.0/html-formatter-17.0.0.jar:/Users/waaedazzam/.m2/repository/io/cucumber/create-meta/6.0.1/create-meta-6.0.1.jar:/Users/waaedazzam/.m2/repository/org/apiguardian/apiguardian-api/1.1.2/apiguardian-api-1.1.2.jar:/Users/waaedazzam/.m2/repository/org/seleniumhq/selenium/selenium-java/3.141.59/selenium-java-3.141.59.jar:/Users/waaedazzam/.m2/repository/org/seleniumhq/selenium/selenium-api/3.141.59/selenium-api-3.141.59.jar:/Users/waaedazzam/.m2/repository/org/seleniumhq/selenium/selenium-chrome-driver/3.141.59/selenium-chrome-driver-3.141.59.jar:/Users/waaedazzam/.m2/repository/org/seleniumhq/selenium/selenium-edge-driver/3.141.59/selenium-edge-driver-3.141.59.jar:/Users/waaedazzam/.m2/repository/org/seleniumhq/selenium/selenium-firefox-driver/3.141.59/selenium-firefox-driver-3.141.59.jar:/Users/waaedazzam/.m2/repository/org/seleniumhq/selenium/selenium-ie-driver/3.141.59/selenium-ie-driver-3.141.59.jar:/Users/waaedazzam/.m2/repository/org/seleniumhq/selenium/selenium-opera-driver/3.141.59/selenium-opera-driver-3.141.59.jar:/Users/waaedazzam/.m2/repository/org/seleniumhq/selenium/selenium-remote-driver/3.141.59/selenium-remote-driver-3.141.59.jar:/Users/waaedazzam/.m2/repository/org/seleniumhq/selenium/selenium-safari-driver/3.141.59/selenium-safari-driver-3.141.59.jar:/Users/waaedazzam/.m2/repository/org/seleniumhq/selenium/selenium-support/3.141.59/selenium-support-3.141.59.jar:/Users/waaedazzam/.m2/repository/net/bytebuddy/byte-buddy/1.8.15/byte-buddy-1.8.15.jar:/Users/waaedazzam/.m2/repository/org/apache/commons/commons-exec/1.3/commons-exec-1.3.jar:/Users/waaedazzam/.m2/repository/com/google/guava/guava/25.0-jre/guava-25.0-jre.jar:/Users/waaedazzam/.m2/repository/com/google/code/findbugs/jsr305/1.3.9/jsr305-1.3.9.jar:/Users/waaedazzam/.m2/repository/org/checkerframework/checker-compat-qual/2.0.0/checker-compat-qual-2.0.0.jar:/Users/waaedazzam/.m2/repository/com/google/errorprone/error_prone_annotations/2.1.3/error_prone_annotations-2.1.3.jar:/Users/waaedazzam/.m2/repository/com/google/j2objc/j2objc-annotations/1.1/j2objc-annotations-1.1.jar:/Users/waaedazzam/.m2/repository/org/codehaus/mojo/animal-sniffer-annotations/1.14/animal-sniffer-annotations-1.14.jar:/Users/waaedazzam/.m2/repository/com/squareup/okhttp3/okhttp/3.11.0/okhttp-3.11.0.jar:/Users/waaedazzam/.m2/repository/com/squareup/okio/okio/1.14.0/okio-1.14.0.jar:/Users/waaedazzam/.m2/repository/org/testng/testng/7.8.0/testng-7.8.0.jar:/Users/waaedazzam/.m2/repository/org/slf4j/slf4j-api/1.7.36/slf4j-api-1.7.36.jar:/Users/waaedazzam/.m2/repository/com/beust/jcommander/1.82/jcommander-1.82.jar:/Users/waaedazzam/.m2/repository/org/webjars/jquery/3.6.1/jquery-3.6.1.jar:/Users/waaedazzam/.m2/repository/com/fasterxml/jackson/core/jackson-annotations/2.13.4/jackson-annotations-2.13.4.jar:/Users/waaedazzam/.m2/repository/info/cukes/cucumber-java/1.0.2/cucumber-java-1.0.2.jar:/Users/waaedazzam/.m2/repository/info/cukes/cucumber-core/1.0.2/cucumber-core-1.0.2.jar:/Users/waaedazzam/.m2/repository/info/cukes/gherkin/2.9.3/gherkin-2.9.3.jar:/Users/waaedazzam/.m2/repository/info/cukes/cucumber-html/0.2.1/cucumber-html-0.2.1.jar:"/>
    <property name="java.vm.vendor" value="Oracle Corporation"/>
    <property name="sun.arch.data.model" value="64"/>
    <property name="java.vendor.url" value="https://java.oracle.com/"/>
    <property name="user.timezone" value="Asia/Jerusalem"/>
    <property name="os.name" value="Mac OS X"/>
    <property name="java.vm.specification.version" value="21"/>
    <property name="sun.java.launcher" value="SUN_STANDARD"/>
    <property name="user.country" value="IL"/>
    <property name="sun.boot.library.path" value="/Users/waaedazzam/Library/Java/JavaVirtualMachines/openjdk-21.0.1/Contents/Home/lib"/>
    <property name="sun.java.command" value="/Users/waaedazzam/IdeaProjects/Final-Project-Selenium/src/target/surefire/surefirebooter-20231225160456734_3.jar /Users/waaedazzam/IdeaProjects/Final-Project-Selenium/src/target/surefire 2023-12-25T16-04-56_592-jvmRun1 surefire-20231225160456734_1tmp surefire_0-20231225160456734_2tmp"/>
    <property name="http.nonProxyHosts" value="local|*.local|169.254/16|*.169.254/16"/>
    <property name="jdk.debug" value="release"/>
    <property name="surefire.test.class.path" value="/Users/waaedazzam/IdeaProjects/Final-Project-Selenium/src/target/test-classes:/Users/waaedazzam/IdeaProjects/Final-Project-Selenium/src/target/classes:/Users/waaedazzam/.m2/repository/io/cucumber/cucumber-java/7.0.0/cucumber-java-7.0.0.jar:/Users/waaedazzam/.m2/repository/io/cucumber/cucumber-core/7.0.0/cucumber-core-7.0.0.jar:/Users/waaedazzam/.m2/repository/io/cucumber/cucumber-gherkin/7.0.0/cucumber-gherkin-7.0.0.jar:/Users/waaedazzam/.m2/repository/io/cucumber/cucumber-gherkin-messages/7.0.0/cucumber-gherkin-messages-7.0.0.jar:/Users/waaedazzam/.m2/repository/io/cucumber/messages/17.1.1/messages-17.1.1.jar:/Users/waaedazzam/.m2/repository/io/cucumber/tag-expressions/4.0.2/tag-expressions-4.0.2.jar:/Users/waaedazzam/.m2/repository/io/cucumber/cucumber-expressions/13.0.1/cucumber-expressions-13.0.1.jar:/Users/waaedazzam/.m2/repository/io/cucumber/datatable/7.0.0/datatable-7.0.0.jar:/Users/waaedazzam/.m2/repository/io/cucumber/cucumber-plugin/7.0.0/cucumber-plugin-7.0.0.jar:/Users/waaedazzam/.m2/repository/io/cucumber/docstring/7.0.0/docstring-7.0.0.jar:/Users/waaedazzam/.m2/repository/io/cucumber/html-formatter/17.0.0/html-formatter-17.0.0.jar:/Users/waaedazzam/.m2/repository/io/cucumber/create-meta/6.0.1/create-meta-6.0.1.jar:/Users/waaedazzam/.m2/repository/org/apiguardian/apiguardian-api/1.1.2/apiguardian-api-1.1.2.jar:/Users/waaedazzam/.m2/repository/org/seleniumhq/selenium/selenium-java/3.141.59/selenium-java-3.141.59.jar:/Users/waaedazzam/.m2/repository/org/seleniumhq/selenium/selenium-api/3.141.59/selenium-api-3.141.59.jar:/Users/waaedazzam/.m2/repository/org/seleniumhq/selenium/selenium-chrome-driver/3.141.59/selenium-chrome-driver-3.141.59.jar:/Users/waaedazzam/.m2/repository/org/seleniumhq/selenium/selenium-edge-driver/3.141.59/selenium-edge-driver-3.141.59.jar:/Users/waaedazzam/.m2/repository/org/seleniumhq/selenium/selenium-firefox-driver/3.141.59/selenium-firefox-driver-3.141.59.jar:/Users/waaedazzam/.m2/repository/org/seleniumhq/selenium/selenium-ie-driver/3.141.59/selenium-ie-driver-3.141.59.jar:/Users/waaedazzam/.m2/repository/org/seleniumhq/selenium/selenium-opera-driver/3.141.59/selenium-opera-driver-3.141.59.jar:/Users/waaedazzam/.m2/repository/org/seleniumhq/selenium/selenium-remote-driver/3.141.59/selenium-remote-driver-3.141.59.jar:/Users/waaedazzam/.m2/repository/org/seleniumhq/selenium/selenium-safari-driver/3.141.59/selenium-safari-driver-3.141.59.jar:/Users/waaedazzam/.m2/repository/org/seleniumhq/selenium/selenium-support/3.141.59/selenium-support-3.141.59.jar:/Users/waaedazzam/.m2/repository/net/bytebuddy/byte-buddy/1.8.15/byte-buddy-1.8.15.jar:/Users/waaedazzam/.m2/repository/org/apache/commons/commons-exec/1.3/commons-exec-1.3.jar:/Users/waaedazzam/.m2/repository/com/google/guava/guava/25.0-jre/guava-25.0-jre.jar:/Users/waaedazzam/.m2/repository/com/google/code/findbugs/jsr305/1.3.9/jsr305-1.3.9.jar:/Users/waaedazzam/.m2/repository/org/checkerframework/checker-compat-qual/2.0.0/checker-compat-qual-2.0.0.jar:/Users/waaedazzam/.m2/repository/com/google/errorprone/error_prone_annotations/2.1.3/error_prone_annotations-2.1.3.jar:/Users/waaedazzam/.m2/repository/com/google/j2objc/j2objc-annotations/1.1/j2objc-annotations-1.1.jar:/Users/waaedazzam/.m2/repository/org/codehaus/mojo/animal-sniffer-annotations/1.14/animal-sniffer-annotations-1.14.jar:/Users/waaedazzam/.m2/repository/com/squareup/okhttp3/okhttp/3.11.0/okhttp-3.11.0.jar:/Users/waaedazzam/.m2/repository/com/squareup/okio/okio/1.14.0/okio-1.14.0.jar:/Users/waaedazzam/.m2/repository/org/testng/testng/7.8.0/testng-7.8.0.jar:/Users/waaedazzam/.m2/repository/org/slf4j/slf4j-api/1.7.36/slf4j-api-1.7.36.jar:/Users/waaedazzam/.m2/repository/com/beust/jcommander/1.82/jcommander-1.82.jar:/Users/waaedazzam/.m2/repository/org/webjars/jquery/3.6.1/jquery-3.6.1.jar:/Users/waaedazzam/.m2/repository/com/fasterxml/jackson/core/jackson-annotations/2.13.4/jackson-annotations-2.13.4.jar:/Users/waaedazzam/.m2/repository/info/cukes/cucumber-java/1.0.2/cucumber-java-1.0.2.jar:/Users/waaedazzam/.m2/repository/info/cukes/cucumber-core/1.0.2/cucumber-core-1.0.2.jar:/Users/waaedazzam/.m2/repository/info/cukes/gherkin/2.9.3/gherkin-2.9.3.jar:/Users/waaedazzam/.m2/repository/info/cukes/cucumber-html/0.2.1/cucumber-html-0.2.1.jar:"/>
    <property name="sun.cpu.endian" value="little"/>
    <property name="user.home" value="/Users/waaedazzam"/>
    <property name="user.language" value="iw"/>
    <property name="java.specification.vendor" value="Oracle Corporation"/>
    <property name="java.version.date" value="2023-10-17"/>
    <property name="java.home" value="/Users/waaedazzam/Library/Java/JavaVirtualMachines/openjdk-21.0.1/Contents/Home"/>
    <property name="file.separator" value="/"/>
    <property name="basedir" value="/Users/waaedazzam/IdeaProjects/Final-Project-Selenium/src"/>
    <property name="java.vm.compressedOopsMode" value="Zero based"/>
    <property name="line.separator" value="&#10;"/>
    <property name="java.vm.specification.vendor" value="Oracle Corporation"/>
    <property name="java.specification.name" value="Java Platform API Specification"/>
    <property name="apple.awt.application.name" value="ForkedBooter"/>
    <property name="surefire.real.class.path" value="/Users/waaedazzam/IdeaProjects/Final-Project-Selenium/src/target/surefire/surefirebooter-20231225160456734_3.jar"/>
    <property name="sun.management.compiler" value="HotSpot 64-Bit Tiered Compilers"/>
    <property name="ftp.nonProxyHosts" value="local|*.local|169.254/16|*.169.254/16"/>
    <property name="java.runtime.version" value="21.0.1+12-29"/>
    <property name="user.name" value="waaedazzam"/>
    <property name="stdout.encoding" value="UTF-8"/>
    <property name="path.separator" value=":"/>
    <property name="os.version" value="12.6.3"/>
    <property name="java.runtime.name" value="OpenJDK Runtime Environment"/>
    <property name="file.encoding" value="UTF-8"/>
    <property name="java.vm.name" value="OpenJDK 64-Bit Server VM"/>
    <property name="localRepository" value="/Users/waaedazzam/.m2/repository"/>
    <property name="java.vendor.url.bug" value="https://bugreport.java.com/bugreport/"/>
    <property name="java.io.tmpdir" value="/var/folders/gy/_nty0xtx3gx858kc79c1v1g00000gn/T/"/>
    <property name="idea.version" value="2023.2.5"/>
    <property name="java.version" value="21.0.1"/>
    <property name="user.dir" value="/Users/waaedazzam/IdeaProjects/Final-Project-Selenium/src"/>
    <property name="os.arch" value="x86_64"/>
    <property name="java.vm.specification.name" value="Java Virtual Machine Specification"/>
    <property name="native.encoding" value="UTF-8"/>
    <property name="java.library.path" value="/Users/waaedazzam/Library/Java/Extensions:/Library/Java/Extensions:/Network/Library/Java/Extensions:/System/Library/Java/Extensions:/usr/lib/java:."/>
    <property name="java.vm.info" value="mixed mode, sharing"/>
    <property name="stderr.encoding" value="UTF-8"/>
    <property name="java.vendor" value="Oracle Corporation"/>
    <property name="java.vm.version" value="21.0.1+12-29"/>
    <property name="sun.io.unicode.encoding" value="UnicodeBig"/>
    <property name="socksNonProxyHosts" value="local|*.local|169.254/16|*.169.254/16"/>
    <property name="java.class.version" value="65.0"/>
  </properties>
</testsuite>